<?xml version="1.0" encoding="UTF-8"?>
<!-- Generated by org.testng.reporters.JUnitXMLReporter -->
<testsuite ignored="0" hostname="TYSS-Soumya" failures="1" tests="1" name="Test1" time="25.561" errors="0" timestamp="2023-06-20T12:22:28 IST">
  <testcase classname="TestCases.AddProductToCart" name="addProductToCart" time="25.439">
    <failure type="org.openqa.selenium.SessionNotCreatedException" message="Could not start a new session. Response code 500. Message: An unknown server-side error occurred while processing the command. Original error: Could not proxy command to the remote server. Original error: socket hang up 
Host info: host: &amp;apos;TYSS-SOUMYA&amp;apos;, ip: &amp;apos;10.10.60.72&amp;apos;
Build info: version: &amp;apos;4.7.2&amp;apos;, revision: &amp;apos;4d4020c3b7&amp;apos;
System info: os.name: &amp;apos;Windows 11&amp;apos;, os.arch: &amp;apos;amd64&amp;apos;, os.version: &amp;apos;10.0&amp;apos;, java.version: &amp;apos;17.0.7&amp;apos;
Driver info: io.appium.java_client.android.AndroidDriver
Command: [null, newSession {capabilities=[{appium:appActivity=.SplashActivity, appium:appPackage=com.androidsample.generalstore, appium:automationName=UiAutomator2, appium:deviceName=Galaxy M30s, platformName=ANDROID, appium:udid=RZ8M83ZJH2W}], desiredCapabilities=Capabilities {appActivity: .SplashActivity, appPackage: com.androidsample.generalstore, automationName: UiAutomator2, deviceName: Galaxy M30s, platformName: ANDROID, udid: RZ8M83ZJH2W}}]
Capabilities {}">
      <![CDATA[org.openqa.selenium.SessionNotCreatedException: Could not start a new session. Response code 500. Message: An unknown server-side error occurred while processing the command. Original error: Could not proxy command to the remote server. Original error: socket hang up 
Host info: host: 'TYSS-SOUMYA', ip: '10.10.60.72'
Build info: version: '4.7.2', revision: '4d4020c3b7'
System info: os.name: 'Windows 11', os.arch: 'amd64', os.version: '10.0', java.version: '17.0.7'
Driver info: io.appium.java_client.android.AndroidDriver
Command: [null, newSession {capabilities=[{appium:appActivity=.SplashActivity, appium:appPackage=com.androidsample.generalstore, appium:automationName=UiAutomator2, appium:deviceName=Galaxy M30s, platformName=ANDROID, appium:udid=RZ8M83ZJH2W}], desiredCapabilities=Capabilities {appActivity: .SplashActivity, appPackage: com.androidsample.generalstore, automationName: UiAutomator2, deviceName: Galaxy M30s, platformName: ANDROID, udid: RZ8M83ZJH2W}}]
Capabilities {}
at org.openqa.selenium.remote.ProtocolHandshake.createSession(ProtocolHandshake.java:148)
at io.appium.java_client.remote.AppiumProtocolHandshake.createSession(AppiumProtocolHandshake.java:133)
at io.appium.java_client.remote.AppiumProtocolHandshake.createSession(AppiumProtocolHandshake.java:102)
at io.appium.java_client.remote.AppiumCommandExecutor.createSession(AppiumCommandExecutor.java:194)
at io.appium.java_client.remote.AppiumCommandExecutor.execute(AppiumCommandExecutor.java:262)
at org.openqa.selenium.remote.RemoteWebDriver.execute(RemoteWebDriver.java:535)
at io.appium.java_client.AppiumDriver.startSession(AppiumDriver.java:229)
at org.openqa.selenium.remote.RemoteWebDriver.<init>(RemoteWebDriver.java:156)
at io.appium.java_client.AppiumDriver.<init>(AppiumDriver.java:80)
at io.appium.java_client.AppiumDriver.<init>(AppiumDriver.java:92)
at io.appium.java_client.android.AndroidDriver.<init>(AndroidDriver.java:117)
at TestCases.AddProductToCart.addProductToCart(AddProductToCart.java:43)
at java.base/java.util.ArrayList.forEach(ArrayList.java:1511)
at java.base/java.util.concurrent.FutureTask.run(FutureTask.java:264)
at java.base/java.util.concurrent.ThreadPoolExecutor.runWorker(ThreadPoolExecutor.java:1136)
at java.base/java.util.concurrent.ThreadPoolExecutor$Worker.run(ThreadPoolExecutor.java:635)
at java.base/java.lang.Thread.run(Thread.java:833)
... Removed 21 stack frames]]>
    </failure>
  </testcase> <!-- addProductToCart -->
</testsuite> <!-- Test1 -->
