<?xml version="1.0" encoding="UTF-8"?>
<testng-results ignored="0" total="1" passed="1" failed="0" skipped="0">
  <reporter-output>
  </reporter-output>
  <suite started-at="2023-07-26T13:24:50 IST" name="Default suite" finished-at="2023-07-26T13:25:22 IST" duration-ms="32129">
    <groups>
    </groups>
    <test started-at="2023-07-26T13:24:50 IST" name="Default test" finished-at="2023-07-26T13:25:22 IST" duration-ms="32129">
      <class name="BrowserStack.MobileAppBrowserStack">
        <test-method signature="mobileAppTest()[pri:0, instance:BrowserStack.MobileAppBrowserStack@4d0f2471]" started-at="2023-07-26T13:24:50 IST" name="mobileAppTest" finished-at="2023-07-26T13:25:22 IST" duration-ms="32099" status="PASS">
          <reporter-output>
          </reporter-output>
        </test-method> <!-- mobileAppTest -->
      </class> <!-- BrowserStack.MobileAppBrowserStack -->
    </test> <!-- Default test -->
  </suite> <!-- Default suite -->
</testng-results>
